<?xml version="1.0" encoding="UTF-8"?>
<testng-results skipped="0" failed="0" ignored="0" total="2" passed="2">
  <reporter-output>
  </reporter-output>
  <suite name="Command line suite" duration-ms="46483" started-at="2020-05-15T15:56:44Z" finished-at="2020-05-15T15:57:31Z">
    <groups>
    </groups>
    <test name="Command line test" duration-ms="46483" started-at="2020-05-15T15:56:44Z" finished-at="2020-05-15T15:57:31Z">
      <class name="com.App.Test.Framework.MyTest">
        <test-method status="PASS" signature="testing()[pri:0, instance:testing(com.App.Test.Framework.MyTest)]" name="testing" duration-ms="46467" started-at="2020-05-15T15:56:44Z" finished-at="2020-05-15T15:57:31Z">
          <reporter-output>
          </reporter-output>
        </test-method> <!-- testing -->
      </class> <!-- com.App.Test.Framework.MyTest -->
      <class name="com.App.Test.Framework.AppTest">
        <test-method status="PASS" signature="testApp()[pri:0, instance:testApp(com.App.Test.Framework.AppTest)]" name="testApp" duration-ms="1" started-at="2020-05-15T15:56:44Z" finished-at="2020-05-15T15:56:44Z">
          <reporter-output>
          </reporter-output>
        </test-method> <!-- testApp -->
      </class> <!-- com.App.Test.Framework.AppTest -->
    </test> <!-- Command line test -->
  </suite> <!-- Command line suite -->
</testng-results>
