<?xml version="1.0" encoding="UTF-8"?>
<testng-results skipped="0" failed="0" ignored="0" total="1" passed="1">
  <reporter-output>
  </reporter-output>
  <suite name="Command line suite" duration-ms="74191" started-at="2020-05-15T15:55:30Z" finished-at="2020-05-15T15:56:44Z">
    <groups>
    </groups>
    <test name="Command line test" duration-ms="74191" started-at="2020-05-15T15:55:30Z" finished-at="2020-05-15T15:56:44Z">
      <class name="com.App.Test.Framework.NewTest">
        <test-method status="PASS" signature="f()[pri:0, instance:com.App.Test.Framework.NewTest@2812cbfa]" name="f" duration-ms="74136" started-at="2020-05-15T15:55:30Z" finished-at="2020-05-15T15:56:44Z">
          <reporter-output>
          </reporter-output>
        </test-method> <!-- f -->
      </class> <!-- com.App.Test.Framework.NewTest -->
    </test> <!-- Command line test -->
  </suite> <!-- Command line suite -->
</testng-results>
