<?xml version="1.0" encoding="UTF-8"?>
<!-- Generated by org.testng.reporters.JUnitXMLReporter -->
<testsuite hostname="DESKTOP-JKPPEN4" ignored="0" name="Command line test" tests="2" failures="0" timestamp="15 May 2020 15:57:31 GMT" time="46.483" errors="0">
  <testcase name="testApp on testApp(com.App.Test.Framework.AppTest)" time="0.001" classname="com.App.Test.Framework.AppTest"/>
  <testcase name="testing on testing(com.App.Test.Framework.MyTest)" time="46.467" classname="com.App.Test.Framework.MyTest"/>
</testsuite> <!-- Command line test -->
