<?xml version="1.0" encoding="UTF-8"?>
<testng-results skipped="0" failed="0" total="1" passed="1">
  <reporter-output>
  </reporter-output>
  <suite name="Default suite" duration-ms="39842" started-at="2020-04-29T10:21:59Z" finished-at="2020-04-29T10:22:38Z">
    <groups>
    </groups>
    <test name="Default test" duration-ms="39842" started-at="2020-04-29T10:21:59Z" finished-at="2020-04-29T10:22:38Z">
      <class name="com.App.Test.Framework.NewTest">
        <test-method status="PASS" signature="f()[pri:0, instance:com.App.Test.Framework.NewTest@6fffcba5]" name="f" duration-ms="39684" started-at="2020-04-29T03:21:59Z" finished-at="2020-04-29T03:22:38Z">
          <reporter-output>
          </reporter-output>
        </test-method> <!-- f -->
      </class> <!-- com.App.Test.Framework.NewTest -->
    </test> <!-- Default test -->
  </suite> <!-- Default suite -->
</testng-results>
